<?xml version="1.0" encoding="UTF-8"?>
<!-- Generated by org.testng.reporters.JUnitXMLReporter -->
<testsuite ignored="0" hostname="SRIKANTH" failures="0" tests="5" name="Test" time="0.174" errors="0" timestamp="2023-12-27T14:42:04 IST">
  <testcase classname="Topics.Practice" name="@BeforeMethod method1" time="0.086">
    <failure type="java.lang.NoSuchMethodError" message="&amp;apos;java.lang.String org.openqa.selenium.Capabilities.getBrowserVersion()&amp;apos;">
      <![CDATA[java.lang.NoSuchMethodError: 'java.lang.String org.openqa.selenium.Capabilities.getBrowserVersion()'
at org.openqa.selenium.manager.SeleniumManager.getDriverPath(SeleniumManager.java:252)
at org.openqa.selenium.remote.service.DriverFinder.getPath(DriverFinder.java:22)
at org.openqa.selenium.remote.service.DriverFinder.getPath(DriverFinder.java:13)
at org.openqa.selenium.firefox.FirefoxDriver.generateExecutor(FirefoxDriver.java:142)
at org.openqa.selenium.firefox.FirefoxDriver.<init>(FirefoxDriver.java:133)
at org.openqa.selenium.firefox.FirefoxDriver.<init>(FirefoxDriver.java:128)
at org.openqa.selenium.firefox.FirefoxDriver.<init>(FirefoxDriver.java:113)
at org.openqa.selenium.firefox.FirefoxDriver.<init>(FirefoxDriver.java:103)
at Topics.Practice.method1(Practice.java:17)
at java.base/java.util.ArrayList.forEach(ArrayList.java:1596)
... Removed 29 stack frames]]>
    </failure>
  </testcase> <!-- @BeforeMethod method1 -->
  <testcase classname="Topics.Practice" name="@AfterMethod method4" time="-1.703668324274E9">
    <skipped/>
  </testcase> <!-- @AfterMethod method4 -->
  <testcase classname="Topics.Practice" name="@BeforeMethod method1" time="-1.703668324278E9">
    <skipped/>
  </testcase> <!-- @BeforeMethod method1 -->
  <testcase classname="Topics.Practice" name="@AfterMethod method4" time="-1.703668324283E9">
    <skipped/>
  </testcase> <!-- @AfterMethod method4 -->
  <testcase classname="Topics.TestNG_Script" name="@BeforeMethod Initilization" time="0.002">
    <failure type="java.lang.NoSuchMethodError" message="&amp;apos;java.lang.String org.openqa.selenium.Capabilities.getBrowserVersion()&amp;apos;">
      <![CDATA[java.lang.NoSuchMethodError: 'java.lang.String org.openqa.selenium.Capabilities.getBrowserVersion()'
at org.openqa.selenium.manager.SeleniumManager.getDriverPath(SeleniumManager.java:252)
at org.openqa.selenium.remote.service.DriverFinder.getPath(DriverFinder.java:22)
at org.openqa.selenium.remote.service.DriverFinder.getPath(DriverFinder.java:13)
at org.openqa.selenium.firefox.FirefoxDriver.generateExecutor(FirefoxDriver.java:142)
at org.openqa.selenium.firefox.FirefoxDriver.<init>(FirefoxDriver.java:133)
at org.openqa.selenium.firefox.FirefoxDriver.<init>(FirefoxDriver.java:128)
at org.openqa.selenium.firefox.FirefoxDriver.<init>(FirefoxDriver.java:113)
at org.openqa.selenium.firefox.FirefoxDriver.<init>(FirefoxDriver.java:103)
at Topics.TestNG_Script.Initilization(TestNG_Script.java:16)
at java.base/java.util.ArrayList.forEach(ArrayList.java:1596)
... Removed 29 stack frames]]>
    </failure>
  </testcase> <!-- @BeforeMethod Initilization -->
  <testcase classname="Topics.TestNG_Script" name="@AfterMethod closeAll" time="-1.703668324291E9">
    <skipped/>
  </testcase> <!-- @AfterMethod closeAll -->
  <testcase classname="Topics.TestNG_Script" name="@BeforeMethod Initilization" time="-1.703668324294E9">
    <skipped/>
  </testcase> <!-- @BeforeMethod Initilization -->
  <testcase classname="Topics.TestNG_Script" name="@AfterMethod closeAll" time="-1.703668324298E9">
    <skipped/>
  </testcase> <!-- @AfterMethod closeAll -->
  <testcase classname="Topics.Practice" name="method2" time="0.0">
    <skipped/>
  </testcase> <!-- method2 -->
  <testcase classname="Topics.Practice" name="method3" time="0.0">
    <skipped/>
  </testcase> <!-- method3 -->
  <testcase classname="Topics.TestNG_Script" name="execute" time="0.0">
    <skipped/>
  </testcase> <!-- execute -->
  <testcase classname="Topics.TestNG_Script" name="clickOnLink" time="0.0">
    <skipped/>
  </testcase> <!-- clickOnLink -->
  <testcase classname="Topics.TestNG" name="second" time="0.001"/>
</testsuite> <!-- Test -->
